<?xml version="1.0" encoding="UTF-8"?>
<!-- Generated by org.testng.reporters.JUnitReportReporter -->
<testsuite hostname="AKSAINI-AT37S" name="whatfix.SelfHelpautomation.TestCases.LoginPageSelfHelpTag_TC001" tests="1" failures="0" timestamp="8 Oct 2017 08:19:38 GMT" time="31.272" errors="0">
  <testcase name="AutomateSelfHelp" time="31.272" classname="whatfix.SelfHelpautomation.TestCases.LoginPageSelfHelpTag_TC001"/>
</testsuite>
