<?xml version="1.0" encoding="UTF-8"?>
<!-- Generated by org.testng.reporters.JUnitReportReporter -->
<testsuite hostname="AKSAINI-AT37S" name="whatfix.SelfHelpautomation.TestCases.LoginPageSelfHelpTag_TC001" tests="1" failures="0" timestamp="9 Oct 2017 08:23:43 GMT" time="62.776" errors="0">
  <testcase name="AutomateSelfHelp" time="62.776" classname="whatfix.SelfHelpautomation.TestCases.LoginPageSelfHelpTag_TC001"/>
</testsuite>
